15:21:37.378 karate.env system property was: null 
15:21:37.384 request:
1 > POST http://localhost:3030/products/
1 > Accept-Encoding: gzip,deflate
1 > Connection: Keep-Alive
1 > Content-Control: no-cache
1 > Content-Length: 168
1 > Content-Type: application/json; charset=UTF-8
1 > Host: localhost:3030
1 > User-Agent: Apache-HttpClient/4.5.5 (Java/11.0.4)
{"name":"ACER","type":"Windows","upc":"String","description":"Work book","manufacturer":"ACER","model":"ACER","url":"String","image":"String","price":449,"shipping":25}

15:21:37.395 response time in milliseconds: 11.07
1 < 201
1 < Access-Control-Allow-Origin: *
1 < Allow: GET,POST,PUT,PATCH,DELETE
1 < Connection: keep-alive
1 < Content-Length: 259
1 < Content-Type: application/json; charset=utf-8
1 < Date: Mon, 06 Jan 2020 15:21:37 GMT
1 < ETag: W/"103-iw2ejCvK/LxZkW6jUuKTIEXdndM"
1 < Vary: Accept, Accept-Encoding
1 < X-Powered-By: Express
{"id":9999768,"name":"ACER","type":"Windows","upc":"String","description":"Work book","manufacturer":"ACER","model":"ACER","url":"String","image":"String","price":449,"shipping":25,"updatedAt":"2020-01-06T15:21:37.391Z","createdAt":"2020-01-06T15:21:37.391Z"}


